<?xml version="1.0" encoding="UTF-8"?>
<testng-results skipped="0" failed="0" ignored="0" total="2" passed="2">
  <reporter-output>
  </reporter-output>
  <suite name="Default suite" duration-ms="45" started-at="2022-04-29T17:58:58 EDT" finished-at="2022-04-29T17:58:58 EDT">
    <groups>
    </groups>
    <test name="Default test" duration-ms="45" started-at="2022-04-29T17:58:58 EDT" finished-at="2022-04-29T17:58:58 EDT">
      <class name="DAY1.NewTest3">
        <test-method status="PASS" signature="TestCase6()[pri:0, instance:DAY1.NewTest3@7494e528]" name="TestCase6" duration-ms="8" started-at="2022-04-29T17:58:58 EDT" finished-at="2022-04-29T17:58:58 EDT">
          <reporter-output>
          </reporter-output>
        </test-method> <!-- TestCase6 -->
        <test-method status="PASS" signature="TestCase7()[pri:0, instance:DAY1.NewTest3@7494e528]" name="TestCase7" duration-ms="1" started-at="2022-04-29T17:58:58 EDT" finished-at="2022-04-29T17:58:58 EDT">
          <reporter-output>
          </reporter-output>
        </test-method> <!-- TestCase7 -->
      </class> <!-- DAY1.NewTest3 -->
    </test> <!-- Default test -->
  </suite> <!-- Default suite -->
</testng-results>
