<?xml version="1.0" encoding="UTF-8"?>
<testng-results skipped="0" failed="0" ignored="0" total="2" passed="2">
  <reporter-output>
  </reporter-output>
  <suite name="Default suite" duration-ms="33684" started-at="2022-05-14T20:35:44Z" finished-at="2022-05-14T20:36:18Z">
    <groups>
    </groups>
    <test name="Default test" duration-ms="33684" started-at="2022-05-14T20:35:44Z" finished-at="2022-05-14T20:36:18Z">
      <class name="Sampletest.Screenshot">
        <test-method status="PASS" signature="testScreenShot()[pri:0, instance:Sampletest.Screenshot@1f3f4916]" name="testScreenShot" duration-ms="23677" started-at="2022-05-14T20:35:44Z" finished-at="2022-05-14T20:36:08Z">
          <reporter-output>
          </reporter-output>
        </test-method> <!-- testScreenShot -->
        <test-method status="PASS" signature="testScreenShot2()[pri:0, instance:Sampletest.Screenshot@1f3f4916]" name="testScreenShot2" duration-ms="9960" started-at="2022-05-14T20:36:08Z" finished-at="2022-05-14T20:36:18Z">
          <reporter-output>
          </reporter-output>
        </test-method> <!-- testScreenShot2 -->
      </class> <!-- Sampletest.Screenshot -->
    </test> <!-- Default test -->
  </suite> <!-- Default suite -->
</testng-results>
